{"level":"info","message":"Started to export content, version is 2"}
{"level":"info","message":"Starting export of stack module"}
{"level":"info","message":"Starting export of assets module"}
{"level":"info","message":"Batch No. 1 of assets folders is complete."}
{"level":"info","message":"Batch No. 1 of assets is complete."}
{"level":"info","message":"Assets metadata exported successfully.!"}
{"level":"info","message":"Assets folder Exported successfully.!"}
{"level":"info","message":"Downloaded artificial-intelligence.svg: bltd5508f93ca426e3b successfully!"}
{"level":"info","message":"Downloaded bucket3.svg: blt23b29fc9a4dfa546 successfully!"}
{"level":"info","message":"Batch No. 1 of assets download is complete."}
{"level":"info","message":"Downloaded ben.jpeg: blta7c200245ea054cb successfully!"}
{"level":"info","message":"Downloaded bucket1.svg: bltc89669086abc24f2 successfully!"}
{"level":"info","message":"Batch No. 2 of assets download is complete."}
{"level":"info","message":"Downloaded Icon_Artwork_2.svg: blte4558b3e1a5009fd successfully!"}
{"level":"info","message":"Downloaded bucket2.svg: blt2a1ab322f8d07691 successfully!"}
{"level":"info","message":"Batch No. 3 of assets download is complete."}
{"level":"info","message":"Downloaded Icon_Artwork_1.svg: blt0d8bd637b3424562 successfully!"}
{"level":"info","message":"Downloaded map-of-brimingham-city.svg: blt5481da963f29fd50 successfully!"}
{"level":"info","message":"Batch No. 4 of assets download is complete."}
{"level":"info","message":"Downloaded cloud-computing.svg: blt710c08a98addb7fc successfully!"}
{"level":"info","message":"Downloaded facebook.svg: blte20816d613996f5b successfully!"}
{"level":"info","message":"Batch No. 5 of assets download is complete."}
{"level":"info","message":"Downloaded Twitter.svg: bltbb03634740140778 successfully!"}
{"level":"info","message":"Downloaded Instagram.svg: blt7941a6aed04b32d7 successfully!"}
{"level":"info","message":"Batch No. 6 of assets download is complete."}
{"level":"info","message":"Downloaded help-for-the-next-step.svg: bltb04fb5eacde2207f successfully!"}
{"level":"info","message":"Downloaded help-for-the-next-step.svg: blt84f4da3da29c898a successfully!"}
{"level":"info","message":"Batch No. 7 of assets download is complete."}
{"level":"info","message":"Downloaded data-mining.svg: bltfd8b6b0ad2d75a7b successfully!"}
{"level":"info","message":"Downloaded security.svg: blt05c632d6c63c8f1a successfully!"}
{"level":"info","message":"Batch No. 8 of assets download is complete."}
{"level":"info","message":"Downloaded business-with-al.svg: bltd28970574f9ac596 successfully!"}
{"level":"info","message":"Downloaded headless-cms-solution.svg: blt40b093246652d171 successfully!"}
{"level":"info","message":"Batch No. 9 of assets download is complete."}
{"level":"info","message":"Downloaded traditional-decoupled-_headless-cms.svg: blt5c421b06139593f1 successfully!"}
{"level":"info","message":"Downloaded AlbertEinstein.jpeg: bltfe0bb909768c43b5 successfully!"}
{"level":"info","message":"Batch No. 10 of assets download is complete."}
{"level":"info","message":"Downloaded cslogo.png: blt55323d63eb8cacba successfully!"}
{"level":"info","message":"Downloaded Maya_Angelou_Headshot.jpg: blt0537ffb28560d64f successfully!"}
{"level":"info","message":"Batch No. 11 of assets download is complete."}
{"level":"info","message":"Downloaded W._E._B._Du_Bois_Headshot.jpg: blt304b6b2d0c573807 successfully!"}
{"level":"info","message":"Downloaded company-logo.svg: blt125f1c386b54cca4 successfully!"}
{"level":"info","message":"Batch No. 12 of assets download is complete."}
{"level":"info","message":"Downloaded Charles_Dickens_Headshot.jpg: blt838445588f0e5e37 successfully!"}
{"level":"info","message":"Downloaded Zora_Neale_Hurston_Headshot.jpg: bltee9437c3ac51b9aa successfully!"}
{"level":"info","message":"Batch No. 13 of assets download is complete."}
{"level":"info","message":"Downloaded map-of-brimingham-city.svg: blte34c7b267ed089e8 successfully!"}
{"level":"info","message":"Downloaded Charlotte_Bronte_Headshot.png: bltf766d23ca85aa0ae successfully!"}
{"level":"info","message":"Batch No. 14 of assets download is complete."}
{"level":"info","message":"Downloaded about-us.svg: blta870d80bb718cbb8 successfully!"}
{"level":"info","message":"Downloaded headless-cms-solution.svg: blt62b12b899c8a92fd successfully!"}
{"level":"info","message":"Batch No. 15 of assets download is complete."}
{"level":"info","message":"Downloaded modern-cloud-ecosystem.svg: bltaa704f6096c82057 successfully!"}
{"level":"info","message":"Downloaded thomas-crane.svg: blt81a123c3d0d53cb0 successfully!"}
{"level":"info","message":"Batch No. 16 of assets download is complete."}
{"level":"info","message":"Downloaded our-story.svg: blt72bc2eac5861e153 successfully!"}
{"level":"info","message":"Downloaded cierra-vega.svg: blt60fb428ae19f7a90 successfully!"}
{"level":"info","message":"Batch No. 17 of assets download is complete."}
{"level":"info","message":"Downloaded alden-cantrell.svg: bltd31e6010448707e9 successfully!"}
{"level":"info","message":"Downloaded pierre-cox.svg: blt2657970394a0be33 successfully!"}
{"level":"info","message":"Batch No. 18 of assets download is complete."}
{"level":"info","message":"Downloaded security.svg: bltd05ff0329cb5a34a successfully!"}
{"level":"info","message":"Downloaded artificial-intelligence.svg: bltdded3deb969434b7 successfully!"}
{"level":"info","message":"Batch No. 19 of assets download is complete."}
{"level":"info","message":"Downloaded Jane_Austen_Headshot.jpg: bltc4ed0ffb3a7ee075 successfully!"}
{"level":"info","message":"Downloaded Virginia_Woolf_Headshot.jpg: bltef6d61293ec028c4 successfully!"}
{"level":"info","message":"Batch No. 20 of assets download is complete."}
{"level":"info","message":"Downloaded Mark_Twain_Headshot.jpg: bltc326bd2a08e4d2cf successfully!"}
{"level":"info","message":"Downloaded Icon_Artwork_1.svg: blt63b184f425a8bae7 successfully!"}
{"level":"info","message":"Batch No. 21 of assets download is complete."}
{"level":"info","message":"Downloaded facebook.svg: blt9badeadf1de703bd successfully!"}
{"level":"info","message":"Downloaded traditional-decoupled-_headless-cms.svg: blt2eade24aac054523 successfully!"}
{"level":"info","message":"Batch No. 22 of assets download is complete."}
{"level":"info","message":"Downloaded Icon_Artwork_2.svg: bltf2c5c453f5260207 successfully!"}
{"level":"info","message":"Downloaded data-mining.svg: blte546caf41ebd5c21 successfully!"}
{"level":"info","message":"Batch No. 23 of assets download is complete."}
{"level":"info","message":"Downloaded bucket2.svg: bltec3ba857cdd7a3ba successfully!"}
{"level":"info","message":"Downloaded bucket3.svg: blt693e269cf3cafad2 successfully!"}
{"level":"info","message":"Batch No. 24 of assets download is complete."}
{"level":"info","message":"Downloaded bucket1.svg: blt38c61f261c3c5a8b successfully!"}
{"level":"info","message":"Downloaded business-with-al.svg: blt73e1ce770fac391b successfully!"}
{"level":"info","message":"Batch No. 25 of assets download is complete."}
{"level":"info","message":"Downloaded AlbertEinstein.jpeg: blt4eec2e41816a909b successfully!"}
{"level":"info","message":"Downloaded ben.jpeg: bltfd2a638d9f20f893 successfully!"}
{"level":"info","message":"Batch No. 26 of assets download is complete."}
{"level":"info","message":"Downloaded cslogo.png: bltf2862b21d5df9d9e successfully!"}
{"level":"info","message":"Downloaded Instagram.svg: blt00fd479b4c20daa2 successfully!"}
{"level":"info","message":"Batch No. 27 of assets download is complete."}
{"level":"info","message":"Downloaded Twitter.svg: blt64679721d8e8b45c successfully!"}
{"level":"info","message":"Downloaded thomas-crane.svg: blt5e2c5d9c2a48f549 successfully!"}
{"level":"info","message":"Batch No. 28 of assets download is complete."}
{"level":"info","message":"Downloaded alden-cantrell.svg: bltd9239a9a02232808 successfully!"}
{"level":"info","message":"Downloaded our-story.svg: bltf56a09acaf7ee9c1 successfully!"}
{"level":"info","message":"Batch No. 29 of assets download is complete."}
{"level":"info","message":"Downloaded cierra-vega.svg: bltc6bbf473acd72413 successfully!"}
{"level":"info","message":"Downloaded about-us.svg: blte96850675674bd75 successfully!"}
{"level":"info","message":"Batch No. 30 of assets download is complete."}
{"level":"info","message":"Downloaded winning-digital-strategy.png: bltdfa0fcacfdfc99a5 successfully!"}
{"level":"info","message":"Downloaded Zora_Neale_Hurston_Headshot.jpg: blt8e51109588a5903a successfully!"}
{"level":"info","message":"Batch No. 31 of assets download is complete."}
{"level":"info","message":"Downloaded Mark_Twain_Headshot.jpg: blt469960865379a6a3 successfully!"}
{"level":"info","message":"Downloaded Charles_Dickens_Headshot.jpg: blt1949d82eb514bc39 successfully!"}
{"level":"info","message":"Batch No. 32 of assets download is complete."}
{"level":"info","message":"Downloaded Charlotte_Bronte_Headshot.png: blt774b489afffdb403 successfully!"}
{"level":"info","message":"Downloaded W._E._B._Du_Bois_Headshot.jpg: bltfe6297195786fcae successfully!"}
{"level":"info","message":"Batch No. 33 of assets download is complete."}
{"level":"info","message":"Downloaded company-logo.svg: blte893486cec43e1b1 successfully!"}
{"level":"info","message":"Downloaded Maya_Angelou_Headshot.jpg: bltb8239ba6bfa12366 successfully!"}
{"level":"info","message":"Batch No. 34 of assets download is complete."}
{"level":"info","message":"Downloaded Virginia_Woolf_Headshot.jpg: blt6cf512ec1782c6c9 successfully!"}
{"level":"info","message":"Downloaded modern-cloud-ecosystem.svg: bltb4c409abd971a23e successfully!"}
{"level":"info","message":"Batch No. 35 of assets download is complete."}
{"level":"info","message":"Downloaded pierre-cox.svg: bltfad471bfe6696f70 successfully!"}
{"level":"info","message":"Downloaded Jane_Austen_Headshot.jpg: blt68f41ff300244ccb successfully!"}
{"level":"info","message":"Batch No. 36 of assets download is complete."}
{"level":"info","message":"Downloaded cloud-computing.svg: bltee0cb835bb3969e6 successfully!"}
{"level":"info","message":"Downloaded winning-digital-strategy.svg: bltc516ea5a53d1664a successfully!"}
{"level":"info","message":"Batch No. 37 of assets download is complete."}
{"level":"info","message":"Assets download completed successfully.!"}
{"level":"info","message":"Assets exported successfully.!"}
{"level":"info","message":"Starting export of locales module"}
{"level":"info","message":"Starting locale export"}
{"level":"info","message":"Completed locale export"}
{"level":"info","message":"Starting export of environments module"}
{"level":"info","message":"Starting environment export"}
{"level":"info","message":"'development' environment was exported successfully"}
{"level":"info","message":"'preview' environment was exported successfully"}
{"level":"info","message":"'production' environment was exported successfully"}
{"level":"info","message":"All the environments have been exported successfully!"}
{"level":"info","message":"Starting export of extensions module"}
{"level":"info","message":"Starting extension export"}
{"level":"info","message":"'JSON Editor' extension was exported successfully"}
{"level":"info","message":"'Ace Editor' extension was exported successfully"}
{"level":"info","message":"'Color Picker' extension was exported successfully"}
{"level":"info","message":"All the extensions have been exported successfully!"}
{"level":"info","message":"Starting export of webhooks module"}
{"level":"info","message":"Starting webhooks export"}
{"level":"info","message":"No webhooks found"}
{"level":"info","message":"Starting export of taxonomies module"}
{"level":"info","message":"Starting taxonomies export"}
{"level":"info","message":"No taxonomies found!"}
{"level":"info","message":"Starting export of global-fields module"}
{"level":"info","message":"Starting global fields export"}
{"level":"info","message":"Completed global fields export"}
{"level":"info","message":"Starting export of content-types module"}
{"level":"info","message":"Starting content type export"}
{"level":"info","message":"Content type(s) exported successfully"}
{"level":"info","message":"Starting export of custom-roles module"}
{"level":"info","message":"Starting custom roles export"}
{"level":"info","message":"No custom roles were found in the Stack"}
{"level":"info","message":"Starting export of workflows module"}
{"level":"info","message":"Starting workflows export"}
{"level":"info","message":"No workflows found"}
{"level":"info","message":"Starting export of entries module"}
{"level":"info","message":"Starting entries export"}
{"level":"info","message":"Exported entries of type 'blog_post' locale 'fr-fr'"}
{"level":"info","message":"Exported entries of type 'blog_post' locale 'en-us'"}
{"level":"info","message":"Exported entries of type 'footer' locale 'fr-fr'"}
{"level":"info","message":"Exported entries of type 'footer' locale 'en-us'"}
{"level":"info","message":"Exported entries of type 'header' locale 'fr-fr'"}
{"level":"info","message":"Exported entries of type 'header' locale 'en-us'"}
{"level":"info","message":"Exported entries of type 'page' locale 'fr-fr'"}
{"level":"info","message":"Exported entries of type 'page' locale 'en-us'"}
{"level":"info","message":"Exported entries of type 'author' locale 'fr-fr'"}
{"level":"info","message":"Exported entries of type 'author' locale 'en-us'"}
{"level":"info","message":"Entries exported successfully"}
{"level":"info","message":"Starting export of labels module"}
{"level":"info","message":"Starting labels export"}
{"level":"info","message":"'Blog' label was exported successfully"}
{"level":"info","message":"'Pages' label was exported successfully"}
{"level":"info","message":"'Components' label was exported successfully"}
{"level":"info","message":"All the labels have been exported successfully!"}
{"level":"info","message":"Starting export of marketplace-apps module"}
{"level":"info","message":"Starting marketplace app export"}
{"level":"info","message":"No marketplace apps found"}
{"level":"info","message":"The content of the stack blt1ede2eeff0c4fb86 has been exported successfully!"}
{"level":"info","message":"The log has been stored at '/Users/antony.raj/Documents/code/cli/contents/starter-app-2/logs/export'"}
